: 9 : : 1 9
===========
1 2 3 4 5 6

cargo weight: 19
unused weight: 124
unloaded weight: 0

: 6 : :
2 7 6 9
9 6 2 7
=======
1 2 3 4

cargo weight: 54
unused weight: 65
unloaded weight: 0

5 :
7 2
4 8
9 3
4 5
===
1 2

cargo weight: 47
unused weight: 35
unloaded weight: 0

5 3 : 8
9 2 4 8
=======
1 2 3 4

cargo weight: 39
unused weight: 82
unloaded weight: 0

8
6
8
=
1

cargo weight: 22
unused weight: 3
unloaded weight: 28

9 6 4 3 : 5 1 1 9
4 5 2 5 2 5 7 3 1
7 7 7 5 6 5 6 1 7
6 9 2 6 1 2 3 6 8
5 7 8 1 7 3 9 4 6
3 9 8 7 8 3 5 1 6
1 1 3 7 9 7 3 1 9
8 3 7 6 2 1 1 7 2
4 3 6 4 2 8 8 5 3
5 8 8 1 5 6 7 8 5
4 2 6 4 4 8 6 5 1
6 3 5 6 4 2 8 4 9
5 5 8 8 6 6 1 7 9
5 6 4 6 7 8 7 4 7
9 7 8 4 5 8 7 3 8
3 6 9 2 9 9 7 2 5
1 8 5 4 7 4 5 8 2
3 4 2 6 1 7 1 1 5
7 5 6 5 9 2 4 4 1
3 8 4 9 3 1 9 4 6
8 9 8 5 7 8 9 9 8
7 6 5 6 1 8 5 7 2
4 3 1 8 2 3 9 3 6
3 7 9 6 8 1 9 5 9
1 4 7 6 2 6 5 6 2
8 3 1 6 2 3 6 6 9
5 5 6 5 4 1 5 9 6
9 9 5 4 3 6 3 3 6
5 3 4 8 2 6 7 1 7
3 5 7 8 1 4 4 3 1
1 6 4 7 6 5 2 9 8
4 3 7 6 7 6 2 9 5
7 9 2 3 4 8 5 2 6
5 4 8 5 1 9 9 7 6
=================
1 2 3 4 5 6 7 8 9

cargo weight: 1578
unused weight: 3168
unloaded weight: 2880

5 :
7 4
8 9
5 9
4 3
8 5
5 3
1 7
1 5
4 4
3 9
6 3
3 8
2 1
6 9
6 8
7 9
1 9
2 7
2 5
7 5
9 2
7 7
5 8
4 2
8 6
7 4
6 1
4 1
1 6
7 1
6 4
9 3
8 4
7 7
9 1
7 1
5 8
9 7
5 6
===
1 2

cargo weight: 417
unused weight: 57
unloaded weight: 3618

1 :
3 6
2 8
8 5
9 7
7 1
4 5
2 5
1 8
1 2
2 5
2 9
4 8
4 4
2 5
9 7
4 1
4 5
2 4
5 9
6 8
5 9
5 9
7 9
1 5
4 6
6 2
8 8
1 9
6 6
4 4
9 4
9 5
6 7
6 8
6 2
4 4
2 6
2 1
4 3
6 9
6 6
1 4
===
1 2

cargo weight: 428
unused weight: 169
unloaded weight: 2988

2 4 8 8 : 5 1 4
6 9 4 4 2 3 1 6
1 5 3 3 8 2 5 8
6 7 7 6 5 8 8 6
1 5 1 5 5 6 3 5
===============
1 2 3 4 5 6 7 8

cargo weight: 186
unused weight: 3366
unloaded weight: 2899

5 : 1 8 3 6 7
5 3 7 7 2 4 5
3 3 7 9 3 3 2
8 5 8 8 1 9 1
3 9 2 5 7 2 3
2 5 8 7 7 4 2
1 6 4 7 5 1 5
1 6 7 9 5 2 9
4 2 6 1 7 8 7
=============
1 2 3 4 5 6 7

cargo weight: 302
unused weight: 2488
unloaded weight: 791

: 8 7
9 5 3
7 9 2
5 5 9
8 3 6
1 4 4
3 1 4
9 5 6
1 1 8
4 1 8
1 4 2
5 9 1
3 2 1
9 6 2
4 4 9
5 9 3
4 6 8
8 6 2
2 2 9
1 7 9
2 4 8
7 8 3
8 7 4
6 8 4
8 2 1
2 5 6
4 9 2
6 4 7
2 8 6
2 6 3
2 3 8
1 9 7
8 9 5
8 2 5
7 7 7
3 5 5
3 2 8
4 4 5
8 3 5
7 8 7
6 3 3
7 9 2
3 5 2
6 8 7
6 6 4
5 4 2
3 4 2
=====
1 2 3

cargo weight: 703
unused weight: 1044
unloaded weight: 1979

6
9
7
2
4
1
7
8
1
1
6
3
8
6
6
7
7
9
9
2
8
7
8
3
5
9
2
4
5
4
7
6
2
4
9
6
2
9
2
5
9
9
1
7
3
3
4
1
8
3
3
6
1
1
5
1
7
5
1
3
1
9
4
8
5
2
4
1
2
6
5
4
7
4
2
5
9
9
8
8
1
8
8
9
5
1
1
5
1
8
3
3
2
2
1
7
1
4
8
6
9
4
1
6
6
1
7
8
3
5
1
3
7
9
6
9
4
7
4
4
6
4
8
7
1
4
6
9
4
3
4
3
5
5
6
2
1
1
1
2
1
6
7
2
8
3
5
5
8
4
5
4
7
1
9
9
1
5
3
2
3
1
8
2
3
8
6
6
2
8
5
8
7
4
6
7
3
3
7
5
9
9
7
1
3
6
9
1
7
=
1

cargo weight: 919
unused weight: 1
unloaded weight: 1549

4 8 8 2 6 7 1 : 7
2 9 7 7 2 9 2 9 3
4 8 5 8 4 7 4 7 5
2 3 6 3 6 3 2 6 3
8 1 7 5 8 8 2 5 7
9 9 2 3 4 8 4 1 6
5 8 5 4 3 8 3 5 5
2 8 7 2 8 1 1 3 8
3 6 8 6 4 3 5 5 6
5 8 3 3 4 4 7 4 2
7 2 7 3 2 4 1 1 8
1 2 5 1 5 7 3 2 3
5 9 9 7 3 3 8 4 8
4 6 7 7 3 7 6 2 2
3 5 3 3 2 1 6 2 6
5 7 1 2 2 4 9 4 9
7 4 8 5 3 3 5 4 3
1 5 8 4 6 7 2 8 4
2 7 5 3 8 5 6 5 1
7 9 4 7 9 3 2 4 5
1 1 7 1 6 2 1 8 2
7 5 8 5 2 5 2 1 7
7 9 4 1 8 3 8 5 8
1 3 5 4 1 8 2 6 7
1 3 6 6 6 1 3 3 3
8 9 3 9 4 6 4 5 9
6 2 9 2 1 5 2 1 6
6 8 6 7 2 6 5 1 7
=================
1 2 3 4 5 6 7 8 9

cargo weight: 1197
unused weight: 3151
unloaded weight: 3332

: 2 :
8 7 3
8 2 6
4 9 1
6 2 5
3 9 8
4 6 6
8 6 6
3 7 4
1 3 5
1 3 8
8 2 4
4 5 6
9 2 9
6 3 6
8 5 3
2 5 6
3 2 3
1 7 4
7 6 2
8 3 4
8 4 7
7 6 1
4 3 2
3 5 4
9 7 5
8 6 3
=====
1 2 3

cargo weight: 389
unused weight: 1196
unloaded weight: 0

5
6
6
9
1
4
5
4
8
1
3
7
8
8
4
7
8
5
9
1
8
3
2
9
8
9
6
3
7
8
9
1
9
2
4
2
5
2
4
3
1
3
8
5
8
2
9
9
8
8
6
5
2
2
1
9
4
6
5
8
2
4
8
4
2
5
2
8
1
6
5
8
3
4
6
8
2
5
6
6
3
7
9
6
2
6
9
4
5
6
5
7
7
3
8
3
9
7
7
6
3
6
8
1
6
6
2
5
1
5
1
3
7
4
7
2
9
8
1
3
4
7
1
6
2
3
5
1
=
1

cargo weight: 653
unused weight: 2
unloaded weight: 2397

: 1 8
9 2 4
7 9 5
1 1 6
9 4 2
6 4 3
8 4 5
8 8 5
2 7 1
9 8 7
3 5 1
2 2 1
4 8 1
8 3 1
1 4 3
5 8 8
6 1 2
1 5 4
7 9 5
3 2 4
7 3 1
=====
1 2 3

cargo weight: 281
unused weight: 632
unloaded weight: 1540

: 7 5 3
8 9 8 7
2 5 5 3
3 3 9 7
9 9 2 9
1 5 4 2
8 9 5 2
3 9 7 1
9 6 4 6
3 3 8 3
8 4 4 2
9 7 3 9
1 6 5 5
2 4 5 3
1 4 8 4
2 4 6 3
1 3 8 8
2 5 6 9
1 9 1 6
1 7 2 5
2 2 5 5
2 2 5 3
2 7 6 8
6 6 8 6
3 3 5 4
9 4 9 9
1 7 5 9
6 1 4 2
7 5 4 1
9 6 6 5
7 9 9 3
1 7 8 7
=======
1 2 3 4

cargo weight: 644
unused weight: 1068
unloaded weight: 685

2 9 6 2 2 : 4 6
1 5 3 6 8 4 4 9
5 4 4 8 8 2 8 2
7 8 4 1 6 5 8 8
4 2 8 9 9 5 2 8
3 2 8 2 3 4 8 3
7 5 9 9 4 2 9 8
4 5 4 2 4 2 9 6
8 8 4 2 4 7 2 1
3 3 7 5 9 5 2 9
9 2 9 8 6 2 7 4
9 7 5 5 6 7 1 9
1 4 2 9 6 2 2 4
1 7 4 3 7 5 6 1
1 6 7 8 5 2 7 2
6 7 8 9 8 2 5 1
4 8 3 7 6 8 9 8
8 5 3 1 8 9 3 6
2 8 9 7 2 3 3 5
2 9 6 8 9 8 9 1
1 7 2 7 7 2 7 9
5 4 3 2 6 2 4 6
2 2 7 5 2 9 4 5
9 7 4 3 1 4 1 5
7 6 3 6 8 3 1 4
6 3 8 9 5 9 2 6
1 9 6 2 8 3 8 2
8 4 2 8 2 7 9 9
9 5 6 8 1 1 6 9
9 5 1 5 6 9 9 4
6 5 2 9 8 8 6 9
6 5 7 9 5 5 7 7
2 1 6 8 7 3 1 1
4 4 5 3 9 5 2 1
5 7 3 7 6 8 3 6
2 4 3 5 7 7 4 6
2 9 9 3 8 2 7 8
5 8 4 2 4 6 2 6
3 8 4 5 3 4 2 7
6 1 6 8 9 5 3 1
4 3 1 5 9 5 2 8
8 2 4 3 6 2 6 5
3 9 8 4 2 5 3 9
5 7 4 3 2 4 8 8
2 5 5 3 9 8 3 7
9 2 4 2 6 6 7 1
3 6 7 9 5 5 3 5
7 9 1 1 9 5 8 4
8 4 3 6 8 1 4 2
3 1 3 4 3 8 8 8
9 5 6 6 1 2 9 8
3 7 1 1 4 2 3 2
1 8 3 8 9 1 9 8
5 6 3 6 3 6 2 9
7 7 3 2 9 8 8 3
1 3 5 8 6 2 8 6
3 2 9 9 8 6 7 1
8 3 2 7 5 5 6 3
1 5 9 5 7 6 9 5
5 4 2 7 1 1 5 9
3 8 2 8 8 8 1 4
5 8 1 6 6 1 3 2
===============
1 2 3 4 5 6 7 8

cargo weight: 2536
unused weight: 1378
unloaded weight: 282

1 8 5 7 2 : 4 2 1
6 1 1 3 7 3 1 5 1
=================
1 2 3 4 5 6 7 8 9

cargo weight: 58
unused weight: 6206
unloaded weight: 4339

1 3 2 2 5 : 5
1 4 1 7 9 9 5
7 3 3 7 2 2 4
8 3 7 8 7 9 2
3 7 3 4 2 9 5
7 4 9 7 2 4 5
5 3 8 2 3 5 5
7 9 6 7 6 2 3
8 6 5 8 5 9 5
3 6 5 2 8 2 7
6 6 5 3 1 7 8
4 9 7 3 3 8 2
2 7 1 3 3 4 4
2 7 1 7 2 2 9
6 9 7 6 4 1 7
2 5 7 2 1 6 4
1 1 4 5 8 4 3
5 2 9 4 2 8 2
8 9 8 3 3 9 3
7 4 6 4 5 8 2
7 2 7 5 7 4 4
5 3 8 2 1 2 2
6 4 7 4 2 3 9
2 1 4 9 6 2 8
8 7 6 4 7 8 7
7 8 3 4 5 4 2
5 8 7 2 7 8 9
5 1 9 4 3 6 5
8 7 5 3 3 1 6
4 9 9 4 3 8 8
7 9 5 9 5 6 5
1 8 1 1 4 8 9
5 6 9 1 8 3 4
3 1 9 8 5 6 2
9 7 7 8 7 7 1
4 7 8 7 8 5 7
7 6 9 6 4 4 7
7 1 3 2 8 9 4
3 1 7 6 6 8 4
9 5 5 1 4 4 7
2 1 6 2 2 2 4
8 4 3 4 9 6 3
3 7 4 9 1 4 4
7 3 1 1 3 3 1
6 3 2 8 3 9 5
8 8 4 8 2 9 9
7 7 4 6 1 5 9
2 8 6 6 7 6 4
8 1 1 1 4 4 8
3 2 8 1 8 7 2
8 4 4 7 9 2 5
4 1 7 8 3 7 3
6 8 4 5 5 7 7
5 7 5 7 7 7 5
1 9 5 4 4 1 7
3 2 8 6 2 7 4
4 3 7 2 7 4 8
1 6 4 5 3 2 9
8 3 1 1 6 4 7
8 2 8 6 9 4 7
6 8 6 8 2 1 5
4 6 5 4 5 6 3
5 1 4 7 9 7 6
9 5 3 9 9 9 1
9 6 2 2 9 7 1
5 5 1 7 3 8 9
3 8 6 1 9 3 9
9 2 5 9 2 5 8
7 5 3 1 2 8 7
5 1 2 2 9 5 3
4 3 4 4 6 7 6
1 2 1 3 3 1 7
4 7 9 7 2 1 1
4 1 3 6 9 6 2
=============
1 2 3 4 5 6 7

cargo weight: 2593
unused weight: 2146
unloaded weight: 1451

1 : 8 7 : 2 : : 9
3 9 8 7 6 3 6 2 8
5 8 1 4 3 6 5 3 7
5 3 2 5 4 5 8 4 5
9 6 1 9 4 1 7 9 8
2 3 6 9 6 7 9 8 7
5 2 8 3 1 1 3 2 4
9 5 6 8 6 5 1 6 3
6 5 8 1 6 9 8 4 8
4 5 5 2 2 8 9 1 8
8 6 4 4 4 8 6 1 3
3 9 3 2 6 2 1 8 5
6 9 7 8 7 2 7 2 5
3 6 1 2 7 6 9 5 7
7 2 1 4 2 6 4 1 8
6 4 7 1 9 2 2 7 4
4 1 3 9 4 2 4 6 3
7 5 7 1 9 3 4 2 7
4 1 3 6 8 1 1 2 8
8 1 5 4 3 9 3 6 2
4 9 3 3 6 1 4 8 8
5 6 9 8 6 2 9 5 6
4 9 6 3 1 8 2 7 8
1 1 3 8 5 3 3 9 3
1 3 4 8 7 5 8 6 4
5 7 3 3 3 9 8 5 2
8 9 7 6 3 8 5 1 3
5 4 5 6 5 3 9 5 7
2 6 9 7 4 1 1 6 9
3 5 9 4 9 1 3 5 3
2 2 8 4 6 3 3 1 4
8 3 5 8 1 9 1 7 9
=================
1 2 3 4 5 6 7 8 9

cargo weight: 1412
unused weight: 3900
unloaded weight: 0

4 : 2 3 5
2 1 6 4 5
8 3 3 5 1
8 9 1 7 8
1 9 7 3 2
6 5 7 1 5
4 2 1 9 6
7 8 2 5 6
3 9 3 7 3
7 4 9 1 5
4 6 3 9 5
2 4 7 2 4
6 2 3 2 5
3 7 3 4 3
4 4 7 1 4
3 4 7 5 4
9 1 9 1 6
8 9 3 2 3
7 7 6 6 8
6 8 3 3 6
3 8 2 2 4
6 1 8 7 7
2 7 2 9 9
4 8 1 5 2
1 7 1 2 2
5 9 1 2 6
4 3 5 4 2
3 4 3 2 9
2 2 2 7 7
2 5 7 7 8
1 7 9 7 3
2 9 5 1 2
8 1 2 1 8
7 8 6 1 6
4 7 1 3 2
5 2 2 2 1
6 7 4 2 8
7 3 2 3 3
=========
1 2 3 4 5

cargo weight: 859
unused weight: 1758
unloaded weight: 4203

8 2 4 4 3 1
4 9 7 6 5 9
6 4 2 7 1 1
===========
1 2 3 4 5 6

cargo weight: 83
unused weight: 3137
unloaded weight: 0

8 :
4 6
9 3
3 2
6 7
2 4
7 8
3 1
9 9
4 8
7 5
3 2
2 1
1 2
4 3
4 5
9 7
5 4
1 5
6 9
8 7
3 4
2 5
3 8
3 4
9 4
7 6
5 4
3 5
4 8
2 3
8 6
4 1
6 7
9 7
4 4
9 4
8 8
3 9
3 8
1 5
6 7
6 9
3 2
4 4
4 3
1 2
9 1
6 7
2 8
9 7
8 4
1 3
7 8
1 2
1 8
4 1
3 1
1 6
8 4
4 2
9 1
6 9
7 5
3 5
5 3
7 1
8 4
1 9
8 7
6 4
1 7
4 1
5 7
4 6
4 3
8 1
4 1
9 3
5 1
2 5
6 1
1 4
5 5
8 3
9 9
5 8
3 8
1 5
9 9
3 6
5 1
5 9
9 1
===
1 2

cargo weight: 913
unused weight: 170
unloaded weight: 3399

5 :
7 1
1 9
2 7
8 6
4 1
8 7
3 3
8 1
4 6
1 7
2 1
2 3
9 6
9 9
8 6
1 6
5 6
6 8
2 2
6 6
9 7
4 3
5 7
1 9
6 7
5 4
7 9
7 3
8 2
5 4
1 1
6 6
3 6
1 2
2 6
6 5
8 6
4 2
6 5
9 9
1 7
8 3
5 1
7 8
6 4
6 8
1 5
7 6
3 8
3 8
2 1
7 2
2 5
5 8
7 1
7 1
1 3
3 8
7 6
2 8
7 1
1 4
1 7
9 8
4 4
5 6
5 8
6 2
2 4
8 8
8 5
3 2
7 4
3 4
7 5
4 6
2 4
9 7
1 8
3 4
2 3
5 2
4 1
5 9
8 4
6 2
5 6
8 2
4 1
8 1
4 1
8 2
1 3
9 5
3 8
5 7
1 1
2 9
3 7
8 9
5 5
4 9
4 7
8 9
3 3
7 9
4 8
7 2
1 4
4 4
9 3
7 1
9 4
6 4
8 3
2 6
5 5
9 1
5 8
2 3
5 4
5 2
1 8
8 7
9 3
9 4
1 9
3 4
6 2
7 5
6 2
1 6
7 9
9 2
1 3
9 6
7 1
1 1
5 1
6 6
8 9
8 4
5 6
4 9
4 1
3 9
6 2
2 6
9 8
4 9
1 2
1 9
3 5
1 1
8 8
4 7
2 1
5 1
3 4
1 6
2 6
5 9
4 2
8 6
4 5
2 4
9 6
7 4
8 3
1 8
4 2
6 7
9 8
4 9
9 4
4 4
3 4
2 2
8 5
8 5
1 4
9 6
===
1 2

cargo weight: 1794
unused weight: 40
unloaded weight: 469

5 8 : 3
3 2 3 5
9 4 5 7
2 6 3 6
5 2 6 1
6 9 4 4
5 9 9 6
6 9 1 7
8 3 3 7
7 3 1 5
8 8 9 9
8 1 7 3
9 1 7 8
8 9 8 4
5 9 6 3
4 3 3 5
1 4 8 9
7 5 1 9
7 2 1 7
=======
1 2 3 4

cargo weight: 403
unused weight: 1519
unloaded weight: 1038

: 6 1 1 5
3 2 8 7 9
7 5 1 8 6
1 8 6 6 2
3 2 2 8 7
5 1 5 8 3
9 1 9 3 4
4 3 6 8 2
5 9 4 1 4
3 3 6 9 9
4 6 2 1 3
7 9 8 6 3
8 3 2 9 9
3 3 2 8 3
3 1 2 8 7
2 3 4 6 7
1 8 6 2 9
9 8 1 9 8
8 5 1 6 7
2 7 4 9 1
4 7 2 4 7
2 4 2 9 2
7 7 3 7 6
=========
1 2 3 4 5

cargo weight: 564
unused weight: 795
unloaded weight: 1242

7
5
7
7
8
7
7
1
7
2
6
1
1
6
1
6
9
1
8
6
2
6
3
5
3
9
5
6
1
3
5
5
1
6
4
4
1
6
7
5
8
5
4
3
5
1
8
1
3
7
4
7
4
3
8
9
3
2
3
5
4
2
4
1
5
2
1
3
7
5
5
9
4
6
6
4
3
1
9
2
3
2
1
5
3
5
5
2
4
5
4
3
3
9
8
9
9
1
8
4
5
3
2
7
7
5
4
5
7
2
5
2
8
8
2
7
3
4
4
1
9
7
9
5
5
1
9
7
3
3
3
2
3
4
5
2
6
5
6
1
6
7
9
2
5
6
3
9
6
4
9
6
5
9
9
6
2
8
8
7
6
3
3
7
2
3
7
9
2
9
1
7
8
2
2
7
8
7
6
1
7
9
8
6
5
4
8
2
4
5
3
4
9
1
=
1

cargo weight: 946
unused weight: 0
unloaded weight: 1016

3 9 7 3 1 : : : 2
9 9 6 8 3 4 5 5 4
8 9 9 5 9 1 8 7 2
1 8 5 3 6 8 6 1 2
3 7 7 3 6 4 5 9 4
5 2 2 3 6 8 9 3 4
1 4 5 7 5 3 1 6 6
9 6 2 8 7 2 4 7 7
6 7 8 5 3 9 6 9 7
2 5 1 3 1 1 1 8 5
3 5 2 3 5 5 5 7 4
9 2 3 6 3 7 4 2 2
3 7 1 8 1 1 4 5 1
5 1 8 5 1 5 6 1 7
1 9 8 4 7 2 7 5 3
5 4 7 2 9 7 3 5 5
3 5 3 8 1 1 8 1 6
=================
1 2 3 4 5 6 7 8 9

cargo weight: 719
unused weight: 3559
unloaded weight: 0

: 1 9 3
4 2 2 2
1 2 6 5
7 4 6 5
6 6 3 4
4 8 6 5
2 5 8 9
5 1 8 7
2 5 1 7
5 5 4 9
5 9 4 6
1 9 2 1
2 6 3 4
6 2 7 9
5 5 6 7
4 2 2 3
6 1 3 3
8 7 2 9
4 4 8 5
4 7 8 7
2 4 7 5
5 7 2 5
5 9 2 7
2 5 9 7
1 6 5 5
3 6 5 7
1 7 3 5
2 3 5 2
5 1 1 7
4 6 5 3
7 1 8 8
2 1 1 3
3 5 5 2
4 4 7 4
2 2 7 3
2 3 7 9
5 8 6 8
8 5 6 3
9 4 6 7
4 7 2 1
5 7 7 2
9 5 1 7
4 5 9 9
9 1 5 6
3 2 3 1
4 7 3 9
2 7 9 5
4 3 6 9
7 7 8 4
8 1 1 9
6 8 1 2
6 7 8 3
6 9 3 4
8 8 3 3
2 9 5 3
5 6 3 7
1 2 9 5
3 4 7 7
6 7 7 5
4 4 9 9
7 8 8 2
4 1 9 6
1 8 1 7
8 5 5 8
4 5 7 4
1 8 5 4
8 3 4 1
1 8 7 9
8 1 4 9
5 2 5 9
6 3 2 7
5 8 2 7
1 1 3 1
9 8 8 9
8 4 8 7
7 1 9 4
5 4 2 9
=======
1 2 3 4

cargo weight: 1535
unused weight: 982
unloaded weight: 2461

: 4 8 5 2
5 7 1 4 3
7 2 9 4 4
9 6 3 2 3
5 1 1 7 8
3 2 1 3 1
2 6 7 9 5
3 5 2 7 8
6 2 9 9 8
1 4 9 6 5
8 2 2 6 1
6 3 4 2 4
8 1 2 3 1
6 6 8 1 1
3 9 7 2 1
2 1 7 7 7
5 4 5 6 1
7 2 7 6 3
6 9 4 5 1
5 4 4 4 5
9 4 9 5 7
4 7 7 3 5
5 5 2 8 5
3 3 1 7 1
8 5 6 7 7
5 4 2 1 5
3 7 7 4 9
2 1 2 2 7
8 4 7 8 8
9 2 4 5 6
=========
1 2 3 4 5

cargo weight: 702
unused weight: 1970
unloaded weight: 1428

: : : 6 : 5 : :
===============
1 2 3 4 5 6 7 8

cargo weight: 11
unused weight: 3261
unloaded weight: 0

3
4
4
7
5
7
3
4
7
6
6
9
6
9
8
4
6
3
6
2
2
3
8
3
2
1
8
3
7
1
7
4
8
5
5
9
8
4
4
2
4
7
8
2
2
8
2
8
1
8
1
5
9
7
1
8
1
1
6
4
9
6
6
4
3
6
9
4
8
6
6
5
8
2
9
4
9
5
5
2
6
1
5
8
4
8
4
9
5
2
3
3
1
3
9
2
3
1
2
7
4
8
5
9
=
1

cargo weight: 524
unused weight: 1
unloaded weight: 254

5 4 4 3 2 4 9 : 1
9 2 9 2 6 6 4 2 1
5 5 8 2 1 6 9 1 2
=================
1 2 3 4 5 6 7 8 9

cargo weight: 112
unused weight: 2963
unloaded weight: 474

2
5
4
9
3
9
3
5
7
5
9
1
7
8
2
5
8
2
4
7
6
5
1
=
1

cargo weight: 117
unused weight: 2
unloaded weight: 365

: 5 4 4
6 5 4 1
9 8 5 7
5 6 4 7
9 7 8 8
4 7 5 7
4 5 7 7
7 6 4 3
2 2 5 3
1 6 2 5
3 5 2 2
9 4 4 2
9 3 9 2
6 5 3 1
6 7 1 2
2 7 4 7
9 7 3 5
3 4 7 7
8 7 5 3
8 6 7 9
3 7 9 9
9 2 9 5
6 4 7 1
2 6 3 1
2 7 5 8
7 8 9 9
7 8 3 2
2 6 4 2
1 8 5 4
4 2 9 4
2 4 3 2
7 5 3 6
4 4 1 5
6 8 7 6
4 1 6 8
7 3 2 9
8 1 1 1
2 9 8 2
=======
1 2 3 4

cargo weight: 761
unused weight: 926
unloaded weight: 0

: 7 9
2 9 6
2 2 5
9 1 3
2 7 2
6 8 1
4 2 2
3 2 3
2 8 6
8 3 7
3 1 5
4 3 8
4 3 6
9 2 7
6 9 2
8 6 6
2 7 5
3 1 3
1 7 4
1 3 5
9 1 5
3 6 9
5 5 8
3 2 1
2 7 6
7 6 3
5 6 7
1 2 1
5 4 6
1 8 4
2 2 2
4 5 1
1 3 9
7 1 1
1 1 2
9 6 6
3 4 1
4 4 8
5 1 6
6 5 7
8 4 4
=====
1 2 3

cargo weight: 536
unused weight: 899
unloaded weight: 192

4
1
3
1
2
8
6
9
7
9
2
6
3
2
1
1
9
5
6
5
2
8
3
5
7
6
7
2
7
5
4
9
1
4
4
=
1

cargo weight: 164
unused weight: 1
unloaded weight: 350

9 :
8 8
2 7
1 6
4 4
5 1
7 1
5 4
1 1
8 3
7 9
5 6
6 2
3 5
6 3
2 7
2 4
8 7
9 6
4 5
8 2
5 9
9 6
3 4
7 5
===
1 2

cargo weight: 249
unused weight: 9
unloaded weight: 1392

: 7 :
8 5 7
4 9 8
1 1 1
1 5 4
6 8 4
1 6 8
=====
1 2 3

cargo weight: 94
unused weight: 1511
unloaded weight: 0

4 8 6 : 6 4 4 5
7 5 5 4 9 9 9 7
===============
1 2 3 4 5 6 7 8

cargo weight: 92
unused weight: 3205
unloaded weight: 2679

2 1 8 8 5 : 2
5 8 6 7 7 7 6
6 4 3 9 5 8 2
6 9 4 2 8 1 7
=============
1 2 3 4 5 6 7

cargo weight: 146
unused weight: 3463
unloaded weight: 2122

8 1 : 3
5 9 5 3
5 1 8 7
3 4 1 8
9 1 1 1
2 2 9 2
5 4 7 8
3 7 3 9
4 1 5 4
7 6 9 4
6 9 8 8
2 9 6 7
3 4 2 4
6 6 3 4
3 8 8 2
9 1 4 3
5 4 8 7
6 2 8 7
8 2 5 5
8 5 3 1
1 4 2 6
2 1 4 7
6 2 4 5
1 1 8 2
3 4 2 7
2 6 2 9
2 6 7 7
2 3 8 1
=======
1 2 3 4

cargo weight: 520
unused weight: 1113
unloaded weight: 2180

7 2 1 8 : 4 1
9 7 7 7 8 2 1
5 6 7 3 1 8 2
5 4 6 3 1 3 2
6 7 6 9 6 1 1
2 7 4 6 2 8 3
7 4 2 3 3 3 3
1 5 4 7 4 5 6
5 4 2 8 9 9 8
6 5 6 7 2 1 2
2 4 7 4 5 4 1
7 1 2 5 4 2 8
3 8 8 1 7 2 6
9 9 1 5 7 7 3
9 4 4 2 3 1 8
7 4 9 7 3 8 9
7 5 2 8 4 8 2
7 1 8 9 7 8 1
8 3 4 3 2 7 7
4 2 6 2 3 7 2
7 7 5 9 2 8 4
2 1 3 6 4 2 9
8 9 3 1 1 1 7
5 8 5 7 2 7 4
7 1 7 2 8 6 1
7 6 9 8 2 9 5
3 5 6 2 7 5 5
7 8 9 7 2 7 9
8 1 4 8 6 5 9
4 6 2 3 9 2 2
5 8 4 7 1 7 6
5 2 2 9 5 7 3
8 4 1 4 1 2 6
6 8 6 1 5 7 8
3 4 3 7 4 7 2
3 8 2 9 6 5 3
7 9 3 8 6 2 1
7 9 3 1 3 4 6
6 6 9 1 6 3 9
3 6 9 6 2 7 1
7 6 9 1 8 8 8
3 4 9 8 6 6 3
6 5 1 3 9 6 3
5 3 5 9 7 6 5
5 5 9 3 1 9 7
9 2 5 1 8 6 9
3 3 8 1 9 4 7
4 4 9 8 8 7 1
7 5 8 9 6 9 2
8 1 3 8 5 1 7
9 3 7 6 3 4 6
4 1 3 6 4 7 2
7 3 9 9 1 8 2
9 5 9 2 4 1 9
8 8 5 9 9 8 4
6 6 6 9 8 7 6
5 9 3 9 6 5 9
8 6 2 9 6 1 2
6 6 4 5 7 1 2
5 7 3 7 5 7 2
1 1 6 2 9 3 2
2 8 3 6 9 9 2
3 8 2 8 9 6 5
6 5 6 3 1 8 3
9 3 1 5 6 6 7
7 5 2 6 8 5 3
6 5 9 6 6 5 5
9 7 8 8 7 3 5
8 5 2 2 1 4 8
3 8 4 1 3 3 4
=============
1 2 3 4 5 6 7

cargo weight: 2515
unused weight: 1873
unloaded weight: 2296

: 9 6 9 1 1
7 1 4 1 9 9
8 1 6 5 6 1
3 8 7 9 1 5
6 1 5 3 9 3
9 7 8 9 5 7
2 7 6 7 5 5
1 8 3 9 1 9
2 6 7 4 9 2
2 4 2 9 8 5
4 9 3 8 4 3
9 8 6 1 5 3
4 8 8 1 5 5
1 1 2 3 8 2
8 5 6 6 9 6
9 5 8 4 6 6
3 2 5 3 1 7
6 5 1 7 1 9
3 3 2 6 9 7
8 6 9 1 9 3
7 4 3 7 2 6
3 5 1 6 8 5
4 4 2 5 6 9
4 4 7 3 7 3
===========
1 2 3 4 5 6

cargo weight: 732
unused weight: 1847
unloaded weight: 1087

3 9 4 : 8
6 3 3 5 4
8 4 9 8 9
1 3 6 3 3
3 2 8 8 9
7 6 1 2 7
2 4 6 4 5
9 1 4 6 5
9 5 3 8 4
7 2 2 3 8
6 2 7 9 8
9 1 4 7 4
=========
1 2 3 4 5

cargo weight: 306
unused weight: 2149
unloaded weight: 4465

2 9 : 8 3 6
7 2 8 7 7 8
1 4 1 2 4 4
===========
1 2 3 4 5 6

cargo weight: 83
unused weight: 2196
unloaded weight: 1277

2 :
4 1
7 2
8 8
5 1
5 7
7 9
7 9
7 6
3 9
5 1
8 1
8 2
6 6
1 4
3 5
5 5
4 3
9 2
3 6
6 2
7 2
3 8
3 6
9 8
5 1
7 6
1 8
3 6
1 1
2 5
6 2
8 3
6 9
8 8
6 5
3 2
1 6
3 9
5 9
1 6
2 8
7 9
5 6
2 3
8 7
7 7
1 7
8 8
5 7
4 8
4 2
9 8
1 7
4 3
4 3
3 9
9 4
1 3
3 6
2 3
8 1
5 3
3 6
5 6
7 9
7 8
5 7
2 3
7 4
3 9
6 8
3 9
9 5
9 1
9 6
7 8
1 7
5 6
6 1
1 2
8 7
4 9
3 7
8 9
7 3
2 2
5 9
2 6
8 8
4 4
1 3
4 5
===
1 2

cargo weight: 952
unused weight: 413
unloaded weight: 3037

: 9 7 4 7 5 7 5
4 8 2 4 2 1 4 5
4 5 3 8 6 5 9 2
3 9 3 6 8 6 9 9
2 5 6 7 6 8 8 9
5 1 9 6 9 9 8 2
3 8 7 3 8 8 1 2
6 9 5 3 2 1 7 3
1 4 6 6 7 8 8 5
9 4 5 3 3 3 7 7
2 7 1 9 8 8 4 7
2 7 3 3 5 6 8 7
5 8 8 5 4 3 2 5
7 2 8 1 5 8 4 4
3 3 3 2 4 9 4 1
8 5 3 5 5 2 6 8
6 2 9 4 7 4 8 8
7 3 2 4 6 9 6 6
7 3 5 6 8 5 3 3
3 2 4 9 1 4 4 4
8 3 4 1 6 5 6 1
6 1 8 6 2 5 3 3
5 8 6 9 3 4 7 3
4 9 9 5 4 7 9 4
1 4 7 6 3 1 3 4
4 6 8 1 9 3 9 6
8 4 9 2 8 9 5 6
8 2 9 8 1 5 3 7
9 9 9 1 6 1 9 2
7 8 9 3 9 7 4 2
8 4 5 3 7 3 2 1
3 8 1 6 6 6 9 9
3 3 3 4 9 4 6 7
3 7 1 9 2 1 2 7
1 1 8 9 7 9 9 9
1 1 2 1 9 3 7 5
4 3 7 8 5 1 7 9
1 3 6 8 9 8 8 3
9 3 9 4 7 8 7 1
===============
1 2 3 4 5 6 7 8

cargo weight: 1630
unused weight: 2173
unloaded weight: 1030

9 : 5 2
3 7 8 3
9 4 7 2
6 5 7 9
1 1 7 2
5 9 5 8
5 3 4 8
6 5 1 5
5 1 5 9
2 3 1 1
9 3 8 5
3 4 9 3
6 1 9 6
7 3 4 7
8 2 1 9
7 2 2 4
7 6 4 9
7 6 4 2
6 1 6 1
5 6 7 4
4 2 8 3
9 1 5 1
5 1 4 4
9 4 3 9
7 1 2 3
3 6 4 3
1 4 2 4
7 9 9 9
8 3 9 3
7 8 2 5
8 6 3 9
4 7 7 5
1 1 4 9
5 4 3 5
1 2 8 4
=======
1 2 3 4

cargo weight: 678
unused weight: 1463
unloaded weight: 2831

3 :
3 3
2 3
3 1
1 3
5 1
9 9
8 5
9 2
5 3
3 8
7 6
8 9
8 9
8 4
1 8
7 3
7 1
8 5
6 2
1 5
7 2
9 6
1 2
7 6
3 1
8 4
6 6
8 3
4 9
6 1
8 9
9 3
1 4
9 3
6 8
2 7
7 6
4 3
9 7
6 5
9 5
4 3
5 8
3 5
1 6
7 3
6 8
9 5
2 6
5 8
6 3
8 5
3 7
9 6
6 9
9 3
8 5
1 8
9 5
2 5
4 1
8 4
6 3
6 6
9 1
1 4
6 2
2 6
3 9
7 2
4 7
6 4
1 3
7 9
8 7
1 1
9 8
9 7
4 7
2 3
2 5
3 9
6 2
2 7
2 5
9 8
1 1
7 9
1 2
7 1
5 1
2 2
2 2
8 1
3 3
6 6
===
1 2

cargo weight: 969
unused weight: 313
unloaded weight: 3356

1 7 3 1 : 2 9
5 7 2 6 6 9 1
3 9 7 5 3 7 1
9 1 6 8 7 7 3
4 2 4 8 8 6 5
4 8 4 8 1 5 8
6 1 4 1 3 2 3
6 5 7 4 4 2 9
4 7 8 5 1 3 6
9 8 9 3 5 8 7
8 1 8 8 5 2 7
3 5 8 5 2 3 1
3 9 4 5 1 7 5
3 7 7 9 4 5 9
4 9 7 4 8 3 8
5 3 5 9 7 2 7
4 1 8 2 3 7 7
9 6 1 2 4 8 1
6 6 8 2 2 7 9
3 5 7 4 8 9 4
4 5 4 5 4 6 6
4 3 7 5 4 1 4
5 5 5 6 1 8 3
7 9 7 2 7 3 8
8 1 6 5 4 1 8
=============
1 2 3 4 5 6 7

cargo weight: 889
unused weight: 1629
unloaded weight: 3319

: 5 2
5 2 2
8 3 9
2 6 4
1 6 8
2 1 9
4 6 2
6 7 2
5 7 8
9 7 5
6 9 2
3 2 4
4 2 8
8 8 3
2 6 2
4 7 4
3 1 9
1 6 6
3 4 1
8 4 2
3 9 2
3 3 3
1 9 1
7 9 8
4 5 8
3 7 7
8 6 9
5 3 1
1 3 2
1 1 4
8 1 5
7 4 5
3 5 5
7 9 6
2 5 2
3 9 5
4 5 2
3 5 2
6 4 4
1 3 9
4 5 4
5 1 1
4 9 6
6 9 3
5 1 3
6 6 7
7 5 3
7 9 9
6 3 7
6 5 3
4 5 9
7 8 9
5 8 3
7 1 3
8 4 4
2 3 2
=====
1 2 3

cargo weight: 797
unused weight: 753
unloaded weight: 1531

7 9 6 : 1 4 5 2 2
9 7 9 2 9 8 7 6 2
6 5 2 6 4 4 8 2 6
6 8 7 5 9 2 5 2 9
2 1 6 2 1 2 6 8 9
7 7 2 4 1 2 2 1 3
5 6 9 4 3 8 8 4 6
6 4 4 5 9 3 6 2 8
9 4 7 9 2 3 2 7 7
1 6 6 3 9 3 6 2 9
7 4 7 1 9 3 6 1 7
6 5 6 5 5 2 1 2 2
1 4 6 1 6 2 6 5 9
6 2 6 6 8 9 5 3 6
2 4 6 2 9 4 4 4 6
2 1 9 7 5 8 5 5 1
4 4 9 6 5 8 6 6 2
3 9 6 2 1 1 3 2 8
8 7 3 6 4 6 6 8 6
5 1 3 5 7 6 2 8 3
6 6 3 2 3 8 4 1 8
3 2 8 7 6 4 8 7 5
2 2 6 3 7 1 7 6 3
9 4 2 6 9 7 2 2 8
8 2 8 6 9 3 5 4 3
5 9 1 3 5 5 4 8 8
2 9 3 5 7 4 2 9 8
3 4 9 2 8 3 3 6 4
5 9 1 7 2 3 8 2 9
8 5 7 3 5 7 4 6 3
5 6 4 6 1 7 2 7 3
8 9 1 6 2 3 8 7 9
=================
1 2 3 4 5 6 7 8 9

cargo weight: 1437
unused weight: 3104
unloaded weight: 2838

6 6 2 5 : 5
5 4 5 9 1 2
2 1 9 1 1 7
4 5 3 2 6 7
6 3 1 7 3 1
8 8 5 4 5 5
8 8 7 8 3 2
===========
1 2 3 4 5 6

cargo weight: 190
unused weight: 2953
unloaded weight: 4691

: 5
2 2
6 6
8 4
9 8
7 6
2 7
3 9
9 6
5 4
2 3
9 3
6 3
7 4
6 4
5 8
7 5
2 4
===
1 2

cargo weight: 186
unused weight: 287
unloaded weight: 2377

1 3 5 6 7 7 : 1
1 4 9 5 8 6 6 7
3 3 4 2 1 3 9 3
7 4 6 7 8 6 5 3
9 4 8 8 5 5 2 9
2 1 1 6 9 6 6 3
4 5 8 1 2 7 5 3
1 9 8 4 5 3 4 7
1 2 1 3 5 8 7 5
5 8 2 8 6 6 6 6
3 6 4 4 5 6 2 9
9 7 6 3 9 2 6 9
5 9 6 2 6 7 8 5
6 6 4 1 7 7 4 2
5 7 4 8 7 6 7 9
6 6 6 5 2 5 5 6
8 8 7 4 8 9 7 1
4 5 5 7 1 1 5 4
8 7 2 6 2 4 5 7
3 5 2 5 7 3 3 9
3 1 1 4 3 5 2 1
1 6 1 5 9 2 4 2
1 9 1 8 7 2 6 5
7 7 3 7 8 9 1 1
1 1 1 5 8 3 6 1
3 8 3 9 9 1 8 2
7 6 2 7 9 5 5 8
3 2 2 2 1 9 7 5
3 7 5 1 8 6 1 2
7 9 8 6 9 4 2 3
9 6 9 6 2 4 9 8
9 2 5 4 5 4 6 4
4 7 4 1 4 3 7 2
1 4 3 3 9 5 4 6
6 9 7 2 2 9 7 7
4 9 4 5 3 2 1 5
2 4 9 6 7 6 9 2
5 4 7 9 2 5 3 7
5 1 9 7 1 7 5 3
2 9 4 2 1 9 4 8
2 8 3 7 1 4 2 8
2 4 4 2 4 5 6 2
4 5 8 9 8 6 9 6
2 9 7 6 9 1 5 2
1 9 4 7 5 2 3 9
1 8 4 7 5 9 3 4
6 9 2 5 1 1 9 7
4 1 7 3 6 5 9 9
7 6 2 3 9 9 2 9
7 6 9 8 1 2 9 1
8 4 4 1 7 2 8 1
4 5 9 4 1 5 1 3
3 1 1 5 9 2 3 6
===============
1 2 3 4 5 6 7 8

cargo weight: 2099
unused weight: 2703
unloaded weight: 2477

: 7 6 5
8 3 6 1
3 6 7 6
8 8 7 4
1 6 6 6
9 4 7 1
3 9 8 3
2 8 7 1
4 5 6 9
7 8 2 3
1 3 9 9
1 1 7 8
3 9 7 4
2 2 3 8
9 8 1 9
2 1 4 8
2 7 7 7
7 8 2 2
6 8 6 3
1 1 6 5
4 2 5 1
4 2 3 6
5 5 3 1
8 6 3 3
5 9 6 2
6 4 4 5
9 5 8 8
5 8 2 9
7 7 1 4
6 8 9 9
7 1 2 8
7 2 6 4
1 7 2 5
1 3 3 3
1 3 5 2
3 6 3 4
9 8 3 6
2 1 9 3
9 9 8 9
9 8 8 8
9 3 2 3
1 1 4 4
6 2 1 1
2 7 6 5
9 6 7 6
2 6 6 9
1 2 6 2
3 3 3 5
5 9 8 4
3 6 7 8
8 2 7 6
=======
1 2 3 4

cargo weight: 1018
unused weight: 1098
unloaded weight: 1843

3 3 1 6 :
6 2 1 1 5
4 8 1 4 6
9 6 8 7 5
5 3 9 8 1
3 1 9 9 2
6 3 3 1 1
6 2 6 6 7
7 3 3 2 9
8 5 5 6 7
8 3 6 3 3
7 1 7 7 1
7 6 8 1 6
=========
1 2 3 4 5

cargo weight: 306
unused weight: 1307
unloaded weight: 2200

6 :
4 2
9 6
7 5
8 9
9 2
9 9
9 8
7 1
1 3
1 5
9 6
6 1
9 6
2 5
1 3
5 3
3 2
3 4
4 6
1 3
1 7
8 7
6 8
3 9
2 6
7 5
1 5
2 7
1 6
5 1
7 4
4 8
7 7
8 5
6 4
2 9
6 5
4 6
2 7
5 8
6 7
1 4
7 1
1 6
9 3
5 4
8 1
6 4
6 2
6 9
5 8
7 7
1 4
5 7
5 3
6 5
6 2
7 4
2 5
1 2
3 9
5 5
1 4
1 7
3 9
8 1
4 6
6 9
7 2
5 6
6 9
8 9
7 9
4 5
7 8
3 7
4 9
5 9
6 7
===
1 2

cargo weight: 824
unused weight: 13
unloaded weight: 474

8 :
7 3
8 1
8 6
5 2
1 9
4 8
4 4
3 4
6 7
3 5
8 9
8 8
1 1
4 3
3 9
9 3
6 8
3 5
3 6
4 8
2 2
3 9
9 4
5 3
4 6
9 7
2 1
4 7
4 3
6 7
5 4
5 6
4 6
8 3
6 8
4 6
9 1
3 3
===
1 2

cargo weight: 393
unused weight: 730
unloaded weight: 4212

1 1 : 9
7 6 6 2
4 1 7 5
9 8 7 3
3 8 4 6
7 6 7 1
8 9 2 9
5 1 5 2
7 9 8 2
2 7 7 3
7 6 6 6
3 6 5 3
5 1 9 9
8 5 6 6
5 7 7 8
8 9 2 2
7 1 7 7
8 7 6 9
6 5 1 9
8 5 6 2
2 7 7 1
6 3 6 9
5 8 7 3
9 9 4 7
6 3 9 1
7 8 7 6
1 6 5 8
8 3 1 6
8 8 4 7
8 9 8 6
6 8 1 2
=======
1 2 3 4

cargo weight: 690
unused weight: 848
unloaded weight: 1735

: 7 8
1 5 7
3 6 4
3 2 1
9 9 5
2 8 7
5 9 5
3 9 8
1 8 4
7 7 9
7 4 4
3 7 8
3 3 7
5 3 7
2 6 2
2 7 7
2 3 5
3 1 5
3 2 8
7 2 5
4 1 1
8 3 3
6 9 5
1 6 5
4 8 3
5 9 5
6 9 2
5 1 4
4 8 3
6 1 2
2 8 6
7 8 3
2 3 6
4 9 1
=====
1 2 3

cargo weight: 491
unused weight: 337
unloaded weight: 33

5 5 9 5 : 8
6 8 1 8 9 9
9 9 5 4 6 4
8 4 7 3 7 7
8 4 5 9 5 9
8 3 9 1 4 2
4 9 1 5 8 4
1 9 9 5 4 5
7 8 9 1 4 4
1 2 4 9 5 9
1 1 3 7 4 9
6 5 1 3 7 7
6 9 8 6 1 3
4 1 5 5 7 3
5 9 2 3 6 8
6 9 4 7 7 9
9 5 4 5 1 5
5 6 2 7 9 8
1 3 5 6 7 2
4 7 6 1 4 2
5 4 6 4 4 6
6 1 7 8 4 6
8 9 7 4 4 2
5 1 7 5 3 4
3 3 7 3 2 3
7 8 8 3 1 6
5 6 5 1 4 2
7 9 1 8 9 8
7 2 7 5 8 5
4 7 1 4 8 4
5 5 1 7 8 7
8 3 7 9 4 2
2 9 5 1 7 1
7 5 5 7 4 8
6 4 1 5 3 2
1 3 7 2 6 9
1 6 3 4 2 4
4 8 3 1 9 2
9 7 6 9 9 7
9 3 6 8 5 8
8 5 3 3 5 8
9 9 1 8 6 4
3 1 3 7 8 4
5 2 1 3 7 8
4 4 4 1 3 5
4 2 9 4 9 6
8 4 9 8 6 5
4 6 1 4 2 4
2 5 4 8 3 9
5 1 2 5 5 7
2 7 1 1 8 5
9 1 6 9 9 9
6 5 4 6 8 5
6 4 2 1 5 4
2 7 8 8 7 1
4 7 3 1 3 1
3 1 3 8 2 1
9 1 3 1 4 4
7 6 7 7 8 8
1 9 1 6 1 1
7 6 4 9 5 6
3 4 9 2 1 8
3 8 9 5 3 9
5 7 6 4 1 3
9 5 8 6 4 8
1 8 6 8 7 4
9 4 2 4 6 4
4 9 9 8 9 9
3 1 7 9 2 1
6 7 8 2 3 5
8 9 3 9 5 2
8 8 1 5 6 1
7 3 5 4 2 5
7 7 8 9 2 2
===========
1 2 3 4 5 6

cargo weight: 2279
unused weight: 1645
unloaded weight: 2607

: 9 7 4 8 9 6 4 9
2 7 7 7 8 6 8 6 3
5 6 8 4 8 8 7 7 3
3 6 9 5 7 4 7 1 6
4 1 7 6 3 4 8 6 6
2 8 3 3 3 3 9 5 6
6 9 1 1 3 8 5 8 5
4 1 5 3 1 6 5 1 1
7 8 4 1 7 9 2 7 7
7 9 6 1 8 3 6 4 9
2 1 3 4 9 9 1 1 1
5 9 7 4 7 4 1 2 6
=================
1 2 3 4 5 6 7 8 9

cargo weight: 555
unused weight: 3208
unloaded weight: 867

9 : 6 6 7 8 7 4
2 6 1 8 7 6 4 4
7 3 3 1 7 1 8 8
===============
1 2 3 4 5 6 7 8

cargo weight: 123
unused weight: 2565
unloaded weight: 3132

7 1 : 9 2 9 4
6 1 4 6 4 8 1
6 5 5 1 2 1 6
7 3 9 1 1 4 6
7 6 7 4 8 9 9
3 1 3 4 6 1 3
4 1 1 2 1 8 4
9 9 9 9 6 5 1
=============
1 2 3 4 5 6 7

cargo weight: 259
unused weight: 1912
unloaded weight: 1535

1 8 : 3 1 2 4 9 1
6 5 7 8 7 3 7 3 8
6 1 1 6 9 4 9 8 7
8 3 9 8 3 9 8 7 3
6 6 3 1 1 5 8 3 3
3 3 6 7 8 2 3 2 1
7 7 9 2 6 4 3 3 9
3 9 4 9 5 9 3 1 8
2 3 5 2 6 7 3 2 8
1 1 4 5 2 5 3 7 9
7 6 6 3 1 2 7 4 4
8 9 5 5 3 1 1 2 9
2 4 8 8 2 7 1 2 2
8 3 9 9 8 3 8 5 9
6 6 3 8 1 3 6 2 1
5 4 1 3 5 7 9 7 9
4 5 4 8 7 8 1 6 8
2 6 1 9 4 5 6 6 3
9 7 5 8 6 2 5 4 6
1 3 1 5 8 4 7 3 7
4 5 2 5 7 7 3 5 4
3 6 3 6 9 8 5 1 8
8 3 5 4 3 6 5 7 6
1 2 7 3 5 4 9 1 3
4 7 8 9 9 1 5 8 1
5 7 3 7 1 7 3 4 7
9 6 4 2 5 7 9 3 9
4 3 2 2 7 8 5 2 3
6 2 1 1 7 5 9 5 8
9 6 9 7 9 8 2 4 9
8 6 4 5 8 9 3 4 8
2 9 4 7 7 2 3 1 1
9 4 5 7 3 1 6 9 1
=================
1 2 3 4 5 6 7 8 9

cargo weight: 1492
unused weight: 3564
unloaded weight: 3129

7 1 4 : 6
1 9 7 3 6
6 3 2 3 9
3 6 6 3 3
=========
1 2 3 4 5

cargo weight: 88
unused weight: 2364
unloaded weight: 1121

3 : 4
2 1 2
3 9 2
7 8 6
2 2 6
3 1 6
3 8 1
1 9 4
2 8 3
4 4 8
4 9 1
5 9 2
8 2 2
7 1 8
6 5 8
1 7 8
3 9 5
3 8 8
9 5 9
7 1 1
6 5 6
2 8 3
5 8 5
9 7 2
3 1 9
2 3 7
9 3 7
2 8 2
9 2 6
3 3 2
1 7 6
3 6 1
=====
1 2 3

cargo weight: 454
unused weight: 330
unloaded weight: 1326

7 4 :
5 4 3
5 4 2
4 9 6
3 2 7
6 3 6
7 5 2
7 6 6
5 9 7
3 8 9
7 3 9
3 3 9
2 3 6
6 7 4
4 4 3
7 8 5
8 9 9
4 1 2
3 7 4
7 3 5
2 6 4
4 8 8
9 8 2
7 6 9
7 1 5
7 5 4
7 3 3
9 2 3
8 3 7
2 4 2
7 7 6
3 7 4
1 4 5
9 1 6
3 6 2
5 5 5
7 2 4
=====
1 2 3

cargo weight: 563
unused weight: 1271
unloaded weight: 405

9 8 2 8 3 8 :
1 1 9 5 6 6 2
7 9 5 5 6 2 5
8 6 8 1 1 3 7
1 4 1 3 3 6 2
9 5 3 6 6 2 6
3 4 8 1 3 5 9
2 7 6 9 7 6 6
6 3 3 5 4 9 5
9 9 3 9 4 5 3
6 5 2 3 8 5 1
5 2 9 6 9 4 3
3 1 1 2 6 3 2
4 1 6 6 6 4 2
3 9 8 6 2 2 1
6 7 6 1 2 2 4
5 7 9 4 7 6 2
4 1 1 4 1 7 2
4 8 9 9 9 9 2
8 6 4 1 2 9 9
1 2 9 8 7 1 6
8 3 5 8 8 9 7
2 9 1 7 2 6 7
9 4 1 8 3 4 6
3 2 1 7 2 4 9
3 9 1 7 2 5 7
6 7 5 6 2 8 5
1 7 3 9 6 7 3
5 1 3 8 8 6 5
7 3 7 3 5 5 4
4 8 9 6 4 2 9
2 6 5 5 8 1 6
6 1 1 7 9 4 6
6 6 7 7 9 4 4
1 6 6 5 7 3 4
2 4 7 2 8 8 6
8 1 2 7 8 3 4
1 7 8 2 6 3 9
5 7 4 4 8 1 3
=============
1 2 3 4 5 6 7

cargo weight: 1354
unused weight: 1690
unloaded weight: 1806

: 9
9 4
7 4
2 4
8 1
2 6
2 4
8 3
9 6
2 8
2 5
7 8
5 8
6 4
2 6
6 3
1 6
3 8
1 1
7 2
===
1 2

cargo weight: 189
unused weight: 432
unloaded weight: 957

2 2 1 2 : 8 5
1 5 2 6 1 6 9
5 4 8 1 4 1 5
5 9 7 1 7 1 6
4 1 1 8 8 9 8
2 8 3 3 6 9 1
1 1 2 1 9 3 4
7 3 2 2 4 7 2
7 7 6 5 5 5 5
4 4 3 8 6 8 2
5 7 1 5 3 7 5
4 9 7 2 3 3 3
8 4 6 4 6 1 8
3 5 5 8 4 1 2
3 8 9 5 3 1 4
9 6 3 5 6 3 5
=============
1 2 3 4 5 6 7

cargo weight: 507
unused weight: 2322
unloaded weight: 3100

3 3 4 : 4 5 2 :
3 1 1 4 3 7 4 8
1 8 8 3 3 5 6 1
5 7 2 8 4 9 9 9
2 2 3 8 5 6 4 3
7 7 9 5 6 2 8 3
8 1 5 9 8 8 2 2
3 4 5 4 4 6 3 3
2 7 5 2 9 6 1 8
8 6 5 8 7 9 8 2
4 4 3 6 7 4 8 6
4 7 2 4 6 6 3 1
===============
1 2 3 4 5 6 7 8

cargo weight: 463
unused weight: 2267
unloaded weight: 2299

1 2 : 7 3 6
3 4 7 7 9 7
8 7 5 5 1 4
6 8 1 3 1 7
9 6 5 4 6 2
9 1 8 2 5 4
6 9 8 7 9 1
1 3 1 2 7 3
6 9 3 4 3 7
9 5 5 4 4 7
2 6 3 6 9 8
9 7 8 5 5 8
4 2 1 7 2 9
6 8 2 2 9 4
===========
1 2 3 4 5 6

cargo weight: 428
unused weight: 1956
unloaded weight: 3003

5 : 3 7
5 8 2 6
1 4 9 4
7 7 8 2
7 2 8 6
3 2 9 4
9 1 8 5
4 3 2 1
9 9 5 3
3 5 1 6
6 4 1 8
7 6 7 8
5 6 3 8
7 5 3 1
7 3 1 7
8 1 2 7
3 9 5 6
6 9 7 5
2 4 9 8
3 7 3 6
3 1 4 1
4 1 6 4
4 2 7 1
8 7 4 9
2 5 7 5
9 1 5 6
4 4 9 1
3 3 3 2
5 6 9 7
8 1 8 2
1 9 3 2
3 7 1 5
4 1 2 5
3 2 6 2
2 3 6 6
=======
1 2 3 4

cargo weight: 660
unused weight: 1231
unloaded weight: 0

: 1 1 5 1
7 7 2 5 6
4 8 3 2 9
7 3 5 4 6
2 1 6 8 4
=========
1 2 3 4 5

cargo weight: 107
unused weight: 1941
unloaded weight: 0

4 5 : 8
7 1 5 4
6 1 3 7
5 3 7 1
7 6 7 4
8 1 6 7
6 7 9 5
8 2 8 5
3 2 7 7
8 9 5 1
5 2 8 4
9 1 8 8
3 8 4 5
5 2 6 6
=======
1 2 3 4

cargo weight: 289
unused weight: 1286
unloaded weight: 625

7 :
6 6
9 9
===
1 2

cargo weight: 37
unused weight: 98
unloaded weight: 2935

4 5 8 9 1 :
5 7 1 5 5 8
3 4 3 7 1 1
5 1 4 2 9 3
6 8 8 5 2 5
9 3 6 4 1 2
9 3 4 5 9 5
4 4 4 7 9 7
9 2 4 7 7 8
5 5 9 7 6 1
8 4 3 8 3 2
3 7 7 9 8 4
4 4 6 2 4 7
5 8 5 6 2 4
9 7 5 8 4 7
8 9 8 8 1 5
9 6 8 6 1 8
1 9 8 1 7 5
8 4 5 7 6 1
9 9 6 5 5 7
7 8 2 8 5 6
9 1 3 8 8 7
8 4 7 3 8 7
2 5 7 2 5 5
===========
1 2 3 4 5 6

cargo weight: 778
unused weight: 2118
unloaded weight: 1677

: 2
1 2
1 4
3 2
4 9
8 9
3 1
9 8
3 6
6 6
6 7
6 7
4 5
2 2
8 1
8 8
9 7
1 8
8 7
1 6
5 4
8 7
8 3
9 7
7 5
6 3
8 4
3 6
9 2
6 2
2 2
3 2
7 7
5 1
1 1
9 2
5 8
9 9
2 8
5 5
1 5
9 3
5 2
5 5
9 5
7 5
1 7
2 8
8 6
3 7
8 7
8 4
1 7
8 8
3 4
1 8
5 1
6 4
7 7
1 3
9 6
4 6
8 8
7 2
4 6
4 6
2 4
1 2
1 6
4 5
4 4
3 9
5 7
7 6
9 4
6 6
6 1
9 9
4 1
2 3
8 1
9 7
6 7
3 5
6 9
9 3
8 8
5 8
4 4
8 8
===
1 2

cargo weight: 933
unused weight: 176
unloaded weight: 0

1 1 1 1 9 : 1 3 4
7 3 9 8 1 3 1 2 4
5 2 1 6 3 8 2 5 8
9 1 1 2 4 4 8 8 2
=================
1 2 3 4 5 6 7 8 9

cargo weight: 138
unused weight: 3890
unloaded weight: 4038

5 :
2 9
3 1
1 6
2 6
8 8
6 3
1 8
1 5
1 7
2 9
4 9
5 3
3 8
3 3
4 5
3 4
2 2
2 8
4 5
3 8
6 5
1 4
9 1
3 6
4 6
9 8
3 2
8 9
7 3
5 7
6 3
5 2
4 8
7 6
3 8
6 5
4 9
===
1 2

cargo weight: 364
unused weight: 816
unloaded weight: 180

: 7 8 1 7 : 1 7 2
8 1 6 8 4 2 9 1 2
4 6 7 8 1 3 7 2 5
3 9 8 4 6 6 3 1 3
2 7 9 5 4 3 6 4 9
9 5 6 6 9 4 7 1 4
2 1 4 5 2 1 8 5 5
4 2 7 6 7 7 3 3 5
7 9 7 2 8 4 6 6 5
6 8 2 8 9 4 4 4 1
9 9 4 6 3 5 2 7 2
5 8 1 9 7 5 2 3 9
1 6 4 3 5 5 4 1 3
9 5 3 3 8 5 2 5 7
8 9 5 5 6 3 5 9 1
9 8 8 6 4 4 6 5 2
2 1 8 8 6 3 3 3 9
5 5 9 9 7 1 5 7 5
8 2 6 9 6 6 6 8 4
8 6 9 4 5 5 1 2 6
9 1 1 3 4 9 8 2 4
1 3 1 2 8 3 4 8 2
3 7 1 8 2 9 7 3 6
2 6 3 4 6 9 6 6 2
3 2 2 7 9 5 6 8 7
1 3 3 4 3 6 7 4 9
3 6 3 4 2 8 8 8 5
4 4 1 7 7 7 5 5 8
8 1 3 1 3 4 5 5 5
5 8 3 1 5 8 7 6 8
=================
1 2 3 4 5 6 7 8 9

cargo weight: 1345
unused weight: 4075
unloaded weight: 0

6 8 : 4 4 6 3 9
9 5 9 3 3 4 4 6
4 9 3 9 9 2 7 3
4 4 8 1 1 2 4 4
4 9 6 1 7 8 3 3
8 1 4 9 3 8 7 1
6 3 4 8 9 5 9 3
5 9 5 8 3 5 3 7
7 2 9 1 9 8 4 4
1 5 4 9 5 4 4 1
8 2 5 3 6 6 3 2
6 9 8 4 2 1 5 1
7 1 9 1 8 1 8 7
4 3 5 3 4 6 4 1
8 3 3 2 2 1 3 3
7 9 1 6 6 3 7 2
5 7 7 8 7 3 7 1
5 6 1 6 4 7 3 5
2 1 2 4 6 4 1 9
7 2 3 8 8 9 2 4
5 1 1 1 9 6 2 8
9 9 6 4 9 6 5 2
6 9 1 9 4 4 3 3
6 9 8 1 7 4 4 3
2 6 9 9 3 6 3 3
6 2 3 7 2 1 2 5
6 5 1 2 5 4 6 5
8 5 5 7 9 2 4 4
2 3 1 1 9 7 9 9
9 2 1 8 4 7 5 5
6 3 8 9 8 5 2 6
4 8 5 6 7 8 2 5
2 4 7 8 1 2 6 5
2 4 6 9 5 1 5 2
4 5 9 1 6 3 9 8
1 1 2 2 7 7 4 7
3 2 3 5 9 3 6 2
6 6 1 9 1 4 8 7
6 1 3 2 9 6 2 7
5 6 1 7 1 6 3 1
5 6 8 8 3 9 2 6
3 6 3 8 4 5 6 1
9 1 3 3 4 2 4 1
8 9 7 5 6 7 4 2
===============
1 2 3 4 5 6 7 8

cargo weight: 1700
unused weight: 2582
unloaded weight: 0

9 : : : 6 : 5 :
2 6 5 9 8 3 3 2
6 4 9 9 2 4 4 8
3 1 4 9 8 3 8 6
===============
1 2 3 4 5 6 7 8

cargo weight: 146
unused weight: 1590
unloaded weight: 0

: 4
8 5
2 4
4 8
1 6
2 2
8 5
3 3
9 5
4 4
1 4
4 7
3 7
6 1
7 7
2 6
1 6
6 3
5 2
5 9
7 6
9 3
4 7
2 7
3 5
8 4
1 7
4 6
5 9
6 7
9 9
1 5
7 6
7 8
7 4
1 2
2 7
4 6
6 4
6 4
4 7
8 8
1 8
9 8
6 4
8 3
8 1
4 4
4 9
3 8
4 1
8 3
7 7
5 7
7 6
6 6
4 3
5 3
6 9
4 4
4 2
2 4
4 5
7 7
6 5
8 6
4 8
5 8
5 4
4 9
7 1
4 7
1 6
3 4
4 4
5 3
1 2
4 7
7 1
1 8
2 5
1 4
1 4
6 4
7 8
2 2
6 2
9 2
9 3
2 1
7 4
6 4
3 4
4 2
9 7
5 3
9 4
1 4
7 5
3 7
6 5
5 5
4 8
7 4
5 5
6 5
3 7
7 5
1 1
9 5
4 3
7 2
2 1
4 8
9 1
3 6
1 5
4 5
5 1
6 6
9 3
9 1
8 7
4 1
7 5
4 2
7 5
2 8
5 6
9 2
8 6
8 5
2 1
7 1
1 9
1 1
5 4
6 2
8 7
2 5
8 4
7 9
4 2
4 2
3 3
6 8
2 5
===
1 2

cargo weight: 1425
unused weight: 253
unloaded weight: 1585

3 8 7 2 4 2 :
1 4 5 4 7 6 6
=============
1 2 3 4 5 6 7

cargo weight: 59
unused weight: 2883
unloaded weight: 1909

6 : 1 6 8 9 7
7 8 3 2 3 4 1
5 5 9 9 5 5 7
3 1 6 9 7 1 8
3 8 6 3 6 6 6
3 1 5 6 7 1 4
1 5 7 6 5 8 5
1 7 1 6 8 9 7
8 4 5 2 3 5 5
8 6 3 6 9 8 9
3 3 6 4 9 8 7
6 7 3 6 4 1 4
6 1 3 2 2 6 2
8 5 4 8 8 5 7
5 7 5 1 5 7 5
9 1 3 1 5 1 5
1 9 1 1 6 9 9
=============
1 2 3 4 5 6 7

cargo weight: 601
unused weight: 2118
unloaded weight: 1602

: 2 7 5 1
4 3 3 5 8
9 4 7 5 1
5 1 6 9 2
2 8 9 9 9
5 1 9 8 6
4 8 2 6 6
8 2 2 3 3
7 1 4 2 7
8 9 8 4 1
8 4 9 4 3
2 6 5 3 3
6 1 5 7 3
5 5 4 4 4
3 7 4 9 6
7 3 8 9 9
1 7 1 8 1
3 2 4 4 4
4 8 5 8 2
=========
1 2 3 4 5

cargo weight: 466
unused weight: 1470
unloaded weight: 691

3 9 8 : 3 9
9 6 4 4 7 9
7 5 2 8 8 1
5 5 2 4 7 9
1 8 7 3 8 9
7 1 9 4 8 8
8 9 9 8 1 2
5 6 3 2 2 7
7 4 3 2 7 7
8 1 7 8 3 6
9 6 2 2 7 6
8 5 8 1 6 9
===========
1 2 3 4 5 6

cargo weight: 401
unused weight: 2724
unloaded weight: 3711

9 1 4 1 5 : 1 8
4 8 6 7 5 1 8 7
7 4 9 8 3 4 6 9
4 6 6 7 3 4 5 9
1 2 9 1 6 8 1 7
3 7 8 4 9 1 9 4
5 5 1 5 7 2 8 5
3 4 8 8 9 7 4 4
2 7 9 2 6 6 1 9
7 6 8 8 3 5 9 9
5 8 6 3 4 6 7 8
4 8 7 9 5 1 9 9
9 8 3 4 7 7 4 3
9 1 6 2 2 1 1 4
5 5 1 9 9 1 6 6
3 3 4 3 7 7 1 7
===============
1 2 3 4 5 6 7 8

cargo weight: 678
unused weight: 2896
unloaded weight: 541

4 6 5 9 :
6 8 2 4 6
7 9 3 2 4
8 1 4 4 2
9 9 2 3 7
6 5 3 7 5
7 2 8 1 9
8 8 9 5 2
9 8 3 5 5
3 7 7 7 2
7 1 9 2 6
9 1 4 7 5
9 1 8 6 8
3 6 5 7 1
2 5 7 2 1
6 7 7 9 3
1 1 4 9 3
3 8 3 2 1
6 2 4 4 4
4 2 3 9 5
2 1 1 5 7
1 9 5 5 7
9 2 9 3 1
=========
1 2 3 4 5

cargo weight: 564
unused weight: 1880
unloaded weight: 372

: 2 9
8 4 5
9 8 5
4 6 8
6 6 6
9 5 8
2 7 3
8 9 8
1 7 6
8 8 6
1 9 8
8 8 5
3 5 8
1 7 4
8 4 8
9 4 5
7 2 4
1 6 5
3 9 5
1 1 4
5 5 6
6 4 1
5 5 9
1 6 4
1 6 7
9 3 6
8 9 9
5 1 2
4 9 8
3 9 4
2 4 7
4 1 9
8 8 3
3 1 9
1 8 9
5 6 2
2 5 7
5 9 1
4 2 3
1 2 6
5 2 4
8 2 3
7 9 8
9 1 1
1 9 4
1 1 4
3 5 4
5 6 2
1 9 2
7 1 9
1 7 3
3 4 6
9 7 9
2 9 3
5 8 4
1 1 6
1 6 6
7 3 1
6 9 3
8 1 9
6 9 2
2 6 1
2 2 1
7 2 7
2 2 6
2 5 5
1 7 3
7 6 2
6 4 8
2 7 4
9 5 8
4 4 4
2 7 6
3 1 9
3 7 1
4 5 8
1 5 6
4 9 1
7 8 8
7 5 6
5 9 7
1 1 2
2 8 5
6 4 7
1 6 9
4 8 6
2 2 2
9 3 7
2 8 5
5 8 6
3 3 6
8 6 9
6 7 1
5 2 2
2 4 5
8 6 5
1 3 9
8 7 7
9 5 3
2 7 2
3 5 3
5 9 8
8 3 7
2 5 5
7 4 2
=====
1 2 3

cargo weight: 1572
unused weight: 622
unloaded weight: 100

: 6 2 2 2 5 1 5 1
1 9 7 9 7 5 8 3 3
9 5 3 1 7 9 5 2 5
1 3 4 6 6 7 2 1 6
5 3 8 4 9 9 2 5 7
4 9 5 8 8 7 5 5 3
3 1 8 2 5 9 9 9 5
=================
1 2 3 4 5 6 7 8 9

cargo weight: 315
unused weight: 4969
unloaded weight: 4617

5 : 5 : : 4
1 9 1 1 5 9
1 8 2 1 5 5
9 6 5 8 7 2
7 6 2 4 4 5
9 9 3 3 3 8
8 6 6 2 3 4
3 2 5 4 1 7
9 6 7 3 9 8
6 1 6 3 4 4
2 8 9 7 7 9
6 6 3 3 7 2
7 1 4 9 4 1
9 7 9 3 7 4
1 7 7 3 9 6
9 3 6 9 8 6
4 8 8 5 5 9
1 5 5 2 6 3
7 9 3 7 3 1
2 6 1 5 5 8
3 2 9 7 3 6
7 4 4 8 4 2
4 1 9 1 2 1
4 3 4 3 1 6
7 9 3 6 3 2
9 5 7 6 1 1
2 9 1 6 5 2
===========
1 2 3 4 5 6

cargo weight: 787
unused weight: 3903
unloaded weight: 0

2 9 : 4 3 8 7 9 8
2 7 5 8 5 6 3 7 7
2 3 8 9 4 1 4 1 1
5 5 1 7 6 7 5 4 8
7 2 3 5 9 4 6 1 9
5 9 2 4 2 1 8 3 8
6 9 8 5 4 1 6 6 9
3 8 6 9 1 1 2 6 2
8 1 9 2 6 9 5 8 1
5 2 7 5 6 4 9 5 7
6 5 7 8 8 9 8 3 2
7 3 2 5 9 9 7 7 4
9 1 9 3 8 3 8 5 1
6 6 4 4 9 4 3 9 3
3 8 9 6 9 7 6 7 2
2 1 7 7 5 2 1 6 6
9 2 3 2 7 3 4 1 8
2 3 3 4 4 4 3 5 3
7 2 5 1 2 4 5 8 2
=================
1 2 3 4 5 6 7 8 9

cargo weight: 864
unused weight: 4379
unloaded weight: 2835

: 2
2 8
5 9
5 9
4 5
5 6
1 4
9 4
4 8
5 4
9 8
4 6
9 9
2 4
8 7
1 4
7 5
2 4
3 2
4 5
3 3
9 3
6 1
4 9
6 3
===
1 2

cargo weight: 249
unused weight: 387
unloaded weight: 3151

3
4
2
5
2
1
6
4
7
4
1
4
3
9
9
3
6
6
6
1
9
1
3
4
6
7
1
3
6
7
1
4
8
4
1
5
2
8
6
8
6
1
7
1
1
2
2
7
9
9
5
8
2
3
8
9
5
9
1
5
5
3
8
5
9
5
8
4
1
3
9
2
8
4
7
7
1
7
5
1
6
7
7
6
3
8
2
9
7
9
6
7
6
7
3
6
2
8
9
8
9
3
2
8
6
9
3
1
6
7
8
6
2
7
3
5
5
3
8
6
7
1
6
8
9
3
6
6
5
7
8
7
2
9
7
3
6
6
9
4
7
3
2
6
8
6
7
=
1

cargo weight: 773
unused weight: 1
unloaded weight: 1641

